[2026-03-17 21:07:51]	[info] incremental build: 8 source files changed
These source files will be recompiled
---
'f:\RCIA\2026-RM-MechaCore\Robot\InfantryOmni-No2\2026StringWheelGimbal_C_board\Core\Src\main.c': object (.o) file not exist
'f:\RCIA\2026-RM-MechaCore\Robot\InfantryOmni-No2\2026StringWheelGimbal_C_board\USB_DEVICE\App\usb_device.c': object (.o) file not exist
'f:\RCIA\2026-RM-MechaCore\Robot\InfantryOmni-No2\2026StringWheelGimbal_C_board\USB_DEVICE\App\usbd_cdc_if.c': dependence 'f:\RCIA\2026-RM-MechaCore\Robot\InfantryOmni-No2\2026StringWheelGimbal_C_board\MDK-ARM\..\USB_DEVICE\App\usbd_cdc_if.h' has been changed.
'f:\RCIA\2026-RM-MechaCore\Robot\InfantryOmni-No2\2026StringWheelGimbal_C_board\USB_DEVICE\App\usbd_desc.c': source file has been changed.
'f:\RCIA\2026-RM-MechaCore\Robot\InfantryOmni-No2\2026StringWheelGimbal_C_board\USB_DEVICE\Target\usbd_conf.c': source file has been changed.
'f:\RCIA\2026-RM-MechaCore\Robot\InfantryOmni-No2\2026StringWheelGimbal_C_board\User\Task\CommunicationTask.cpp': dependence 'f:\RCIA\2026-RM-MechaCore\Robot\InfantryOmni-No2\2026StringWheelGimbal_C_board\MDK-ARM\..\USB_DEVICE\App\usbd_cdc_if.h' has been changed.
'f:\RCIA\2026-RM-MechaCore\Robot\InfantryOmni-No2\2026StringWheelGimbal_C_board\User\Task\ControlTask.cpp': source file has been changed.
'f:\RCIA\2026-RM-MechaCore\Robot\InfantryOmni-No2\2026StringWheelGimbal_C_board\MDK-ARM\startup_stm32f407xx.s': source file has been changed.

[2026-03-17 21:07:51]	compilation failed at : "f:\RCIA\2026-RM-MechaCore\Robot\InfantryOmni-No2\2026StringWheelGimbal_C_board\Core\Src\main.c", exit code: 1
command: 
  "F:\keil5\ARM\ARMCLANG\bin\armclang.exe" --target=arm-arm-none-eabi -c -xc -std=c99 -I. -I../Core/Inc -I../Drivers/STM32F4xx_HAL_Driver/Inc -I../Drivers/STM32F4xx_HAL_Driver/Inc/Legacy -I../Middlewares/Third_Party/FreeRTOS/Source/include -I../Middlewares/Third_Party/FreeRTOS/Source/CMSIS_RTOS -I../Middlewares/Third_Party/FreeRTOS/Source/portable/RVDS/ARM_CM4F -I../Drivers/CMSIS/Device/ST/STM32F4xx/Include -I../Drivers/CMSIS/Include -I../User -I.cmsis/include -IRTE/_2026StringWheelGimbal_C_board -D"USE_HAL_DRIVER" -D"STM32F407xx" -mfloat-abi=hard -mfpu=fpv4-sp-d16 -mcpu=cortex-m4 -mlittle-endian -D__MICROLIB -O0 -ffunction-sections -funsigned-char -fshort-enums -fshort-wchar -fno-rtti -Wno-packed -Wno-missing-variable-declarations -Wno-missing-prototypes -Wno-missing-noreturn -Wno-sign-conversion -Wno-nonportable-include-path -Wno-reserved-id-macro -Wno-unused-macros -Wno-documentation-unknown-command -Wno-documentation -Wno-license-management -Wno-parentheses-equality -g -o ./build/2026StringWheelGimbal_C_board/.obj/__/Core/Src/main.o -MMD ./../Core/Src/main.c
   at unify_builder.Program.compileByMulThread(Int32 thrNum, CmdInfo[] cmds_, List`1 errLogs)
   at unify_builder.Program.Main(String[] args_)
---
In file included from ./../USB_DEVICE/App/usbd_cdc_if.c:22:
./../USB_DEVICE/App\usbd_cdc_if.h:31:10: fatal error: 'usbd_cdc.h' file not found
   31 | #include "usbd_cdc.h"
      |          ^~~~~~~~~~~~
1 error generated.
In file included from ./../USB_DEVICE/App/usb_device.c:23:
In file included from ./../USB_DEVICE/App\usb_device.h:32:
.\../Middlewares/ST/STM32_USB_Device_Library/Core/Inc/usbd_def.h:28:10: fatal error: 'usbd_conf.h' file not found
   28 | #include "usbd_conf.h"
      |          ^~~~~~~~~~~~~
1 error generated.
In file included from ./../Core/Src/main.c:26:
In file included from .\../USB_DEVICE/App/usb_device.h:32:
.\../Middlewares/ST/STM32_USB_Device_Library/Core/Inc/usbd_def.h:28:10: fatal error: 'usbd_conf.h' file not found
   28 | #include "usbd_conf.h"
      |          ^~~~~~~~~~~~~
1 error generated.

[2026-03-17 21:08:22]	[info] incremental build: 12 source files changed
These source files will be recompiled
---
'f:\RCIA\2026-RM-MechaCore\Robot\InfantryOmni-No2\2026StringWheelGimbal_C_board\Core\Src\main.c': object (.o) file not exist
'f:\RCIA\2026-RM-MechaCore\Robot\InfantryOmni-No2\2026StringWheelGimbal_C_board\Middlewares\ST\STM32_USB_Device_Library\Class\CDC\Src\usbd_cdc.c': dependence 'f:\RCIA\2026-RM-MechaCore\Robot\InfantryOmni-No2\2026StringWheelGimbal_C_board\MDK-ARM\..\Middlewares\ST\STM32_USB_Device_Library\Core\Inc\usbd_def.h' has been changed.
'f:\RCIA\2026-RM-MechaCore\Robot\InfantryOmni-No2\2026StringWheelGimbal_C_board\Middlewares\ST\STM32_USB_Device_Library\Core\Src\usbd_core.c': dependence 'f:\RCIA\2026-RM-MechaCore\Robot\InfantryOmni-No2\2026StringWheelGimbal_C_board\MDK-ARM\..\Middlewares\ST\STM32_USB_Device_Library\Core\Inc\usbd_def.h' has been changed.
'f:\RCIA\2026-RM-MechaCore\Robot\InfantryOmni-No2\2026StringWheelGimbal_C_board\Middlewares\ST\STM32_USB_Device_Library\Core\Src\usbd_ctlreq.c': dependence 'f:\RCIA\2026-RM-MechaCore\Robot\InfantryOmni-No2\2026StringWheelGimbal_C_board\MDK-ARM\..\Middlewares\ST\STM32_USB_Device_Library\Core\Inc\usbd_def.h' has been changed.
'f:\RCIA\2026-RM-MechaCore\Robot\InfantryOmni-No2\2026StringWheelGimbal_C_board\Middlewares\ST\STM32_USB_Device_Library\Core\Src\usbd_ioreq.c': dependence 'f:\RCIA\2026-RM-MechaCore\Robot\InfantryOmni-No2\2026StringWheelGimbal_C_board\MDK-ARM\..\Middlewares\ST\STM32_USB_Device_Library\Core\Inc\usbd_def.h' has been changed.
'f:\RCIA\2026-RM-MechaCore\Robot\InfantryOmni-No2\2026StringWheelGimbal_C_board\USB_DEVICE\App\usb_device.c': object (.o) file not exist
'f:\RCIA\2026-RM-MechaCore\Robot\InfantryOmni-No2\2026StringWheelGimbal_C_board\USB_DEVICE\App\usbd_cdc_if.c': object (.o) file not exist
'f:\RCIA\2026-RM-MechaCore\Robot\InfantryOmni-No2\2026StringWheelGimbal_C_board\USB_DEVICE\App\usbd_desc.c': source file has been changed.
'f:\RCIA\2026-RM-MechaCore\Robot\InfantryOmni-No2\2026StringWheelGimbal_C_board\USB_DEVICE\Target\usbd_conf.c': source file has been changed.
'f:\RCIA\2026-RM-MechaCore\Robot\InfantryOmni-No2\2026StringWheelGimbal_C_board\User\Task\CommunicationTask.cpp': dependence 'f:\RCIA\2026-RM-MechaCore\Robot\InfantryOmni-No2\2026StringWheelGimbal_C_board\MDK-ARM\..\USB_DEVICE\App\usbd_cdc_if.h' has been changed.
'f:\RCIA\2026-RM-MechaCore\Robot\InfantryOmni-No2\2026StringWheelGimbal_C_board\User\Task\ControlTask.cpp': source file has been changed.
'f:\RCIA\2026-RM-MechaCore\Robot\InfantryOmni-No2\2026StringWheelGimbal_C_board\MDK-ARM\startup_stm32f407xx.s': source file has been changed.

[2026-03-17 21:08:23]	compilation failed at : "f:\RCIA\2026-RM-MechaCore\Robot\InfantryOmni-No2\2026StringWheelGimbal_C_board\USB_DEVICE\App\usb_device.c", exit code: 1
command: 
  "F:\keil5\ARM\ARMCLANG\bin\armclang.exe" --target=arm-arm-none-eabi -c -xc -std=c99 -I. -I../Core/Inc -I../Drivers/STM32F4xx_HAL_Driver/Inc -I../Drivers/STM32F4xx_HAL_Driver/Inc/Legacy -I../Middlewares/Third_Party/FreeRTOS/Source/include -I../Middlewares/Third_Party/FreeRTOS/Source/CMSIS_RTOS -I../Middlewares/Third_Party/FreeRTOS/Source/portable/RVDS/ARM_CM4F -I../Drivers/CMSIS/Device/ST/STM32F4xx/Include -I../Drivers/CMSIS/Include -I../User -I.cmsis/include -IRTE/_2026StringWheelGimbal_C_board -D"USE_HAL_DRIVER" -D"STM32F407xx" -mfloat-abi=hard -mfpu=fpv4-sp-d16 -mcpu=cortex-m4 -mlittle-endian -D__MICROLIB -O0 -ffunction-sections -funsigned-char -fshort-enums -fshort-wchar -fno-rtti -Wno-packed -Wno-missing-variable-declarations -Wno-missing-prototypes -Wno-missing-noreturn -Wno-sign-conversion -Wno-nonportable-include-path -Wno-reserved-id-macro -Wno-unused-macros -Wno-documentation-unknown-command -Wno-documentation -Wno-license-management -Wno-parentheses-equality -g -o ./build/2026StringWheelGimbal_C_board/.obj/__/USB_DEVICE/App/usb_device.o -MMD ./../USB_DEVICE/App/usb_device.c
   at unify_builder.Program.compileByMulThread(Int32 thrNum, CmdInfo[] cmds_, List`1 errLogs)
   at unify_builder.Program.Main(String[] args_)
---
./../Middlewares/ST/STM32_USB_Device_Library/Class/CDC/Src/usbd_cdc.c:59:10: fatal error: 'usbd_cdc.h' file not found
   59 | #include "usbd_cdc.h"
      |          ^~~~~~~~~~~~
1 error generated.
./../Middlewares/ST/STM32_USB_Device_Library/Core/Src/usbd_ctlreq.c:20:10: fatal error: 'usbd_ctlreq.h' file not found
   20 | #include "usbd_ctlreq.h"
      |          ^~~~~~~~~~~~~~~
1 error generated.
./../Middlewares/ST/STM32_USB_Device_Library/Core/Src/usbd_core.c:20:10: fatal error: 'usbd_core.h' file not found
   20 | #include "usbd_core.h"
      |          ^~~~~~~~~~~~~
1 error generated.
./../Middlewares/ST/STM32_USB_Device_Library/Core/Src/usbd_ioreq.c:20:10: fatal error: 'usbd_ioreq.h' file not found
   20 | #include "usbd_ioreq.h"
      |          ^~~~~~~~~~~~~~
1 error generated.
./../USB_DEVICE/App/usb_device.c:24:10: fatal error: 'usbd_core.h' file not found
   24 | #include "usbd_core.h"
      |          ^~~~~~~~~~~~~
1 error generated.

[2026-03-17 21:08:35]	[info] incremental build: 11 source files changed
These source files will be recompiled
---
'f:\RCIA\2026-RM-MechaCore\Robot\InfantryOmni-No2\2026StringWheelGimbal_C_board\Middlewares\ST\STM32_USB_Device_Library\Class\CDC\Src\usbd_cdc.c': object (.o) file not exist
'f:\RCIA\2026-RM-MechaCore\Robot\InfantryOmni-No2\2026StringWheelGimbal_C_board\Middlewares\ST\STM32_USB_Device_Library\Core\Src\usbd_core.c': object (.o) file not exist
'f:\RCIA\2026-RM-MechaCore\Robot\InfantryOmni-No2\2026StringWheelGimbal_C_board\Middlewares\ST\STM32_USB_Device_Library\Core\Src\usbd_ctlreq.c': object (.o) file not exist
'f:\RCIA\2026-RM-MechaCore\Robot\InfantryOmni-No2\2026StringWheelGimbal_C_board\Middlewares\ST\STM32_USB_Device_Library\Core\Src\usbd_ioreq.c': object (.o) file not exist
'f:\RCIA\2026-RM-MechaCore\Robot\InfantryOmni-No2\2026StringWheelGimbal_C_board\USB_DEVICE\App\usb_device.c': object (.o) file not exist
'f:\RCIA\2026-RM-MechaCore\Robot\InfantryOmni-No2\2026StringWheelGimbal_C_board\USB_DEVICE\App\usbd_cdc_if.c': object (.o) file not exist
'f:\RCIA\2026-RM-MechaCore\Robot\InfantryOmni-No2\2026StringWheelGimbal_C_board\USB_DEVICE\App\usbd_desc.c': source file has been changed.
'f:\RCIA\2026-RM-MechaCore\Robot\InfantryOmni-No2\2026StringWheelGimbal_C_board\USB_DEVICE\Target\usbd_conf.c': source file has been changed.
'f:\RCIA\2026-RM-MechaCore\Robot\InfantryOmni-No2\2026StringWheelGimbal_C_board\User\Task\CommunicationTask.cpp': dependence 'f:\RCIA\2026-RM-MechaCore\Robot\InfantryOmni-No2\2026StringWheelGimbal_C_board\MDK-ARM\..\USB_DEVICE\App\usbd_cdc_if.h' has been changed.
'f:\RCIA\2026-RM-MechaCore\Robot\InfantryOmni-No2\2026StringWheelGimbal_C_board\User\Task\ControlTask.cpp': source file has been changed.
'f:\RCIA\2026-RM-MechaCore\Robot\InfantryOmni-No2\2026StringWheelGimbal_C_board\MDK-ARM\startup_stm32f407xx.s': source file has been changed.

[2026-03-17 21:08:35]	compilation failed at : "f:\RCIA\2026-RM-MechaCore\Robot\InfantryOmni-No2\2026StringWheelGimbal_C_board\Middlewares\ST\STM32_USB_Device_Library\Core\Src\usbd_core.c", exit code: 1
command: 
  "F:\keil5\ARM\ARMCLANG\bin\armclang.exe" --target=arm-arm-none-eabi -c -xc -std=c99 -I. -I../Core/Inc -I../Drivers/STM32F4xx_HAL_Driver/Inc -I../Drivers/STM32F4xx_HAL_Driver/Inc/Legacy -I../Middlewares/Third_Party/FreeRTOS/Source/include -I../Middlewares/Third_Party/FreeRTOS/Source/CMSIS_RTOS -I../Middlewares/Third_Party/FreeRTOS/Source/portable/RVDS/ARM_CM4F -I../Drivers/CMSIS/Device/ST/STM32F4xx/Include -I../Drivers/CMSIS/Include -I../User -I.cmsis/include -IRTE/_2026StringWheelGimbal_C_board -D"USE_HAL_DRIVER" -D"STM32F407xx" -mfloat-abi=hard -mfpu=fpv4-sp-d16 -mcpu=cortex-m4 -mlittle-endian -D__MICROLIB -O0 -ffunction-sections -funsigned-char -fshort-enums -fshort-wchar -fno-rtti -Wno-packed -Wno-missing-variable-declarations -Wno-missing-prototypes -Wno-missing-noreturn -Wno-sign-conversion -Wno-nonportable-include-path -Wno-reserved-id-macro -Wno-unused-macros -Wno-documentation-unknown-command -Wno-documentation -Wno-license-management -Wno-parentheses-equality -g -o ./build/2026StringWheelGimbal_C_board/.obj/__/Middlewares/ST/STM32_USB_Device_Library/Core/Src/usbd_core.o -MMD ./../Middlewares/ST/STM32_USB_Device_Library/Core/Src/usbd_core.c
   at unify_builder.Program.compileByMulThread(Int32 thrNum, CmdInfo[] cmds_, List`1 errLogs)
   at unify_builder.Program.Main(String[] args_)
---
./../Middlewares/ST/STM32_USB_Device_Library/Core/Src/usbd_ctlreq.c:20:10: fatal error: 'usbd_ctlreq.h' file not found
   20 | #include "usbd_ctlreq.h"
      |          ^~~~~~~~~~~~~~~
1 error generated.
In file included from ./../Middlewares/ST/STM32_USB_Device_Library/Class/CDC/Src/usbd_cdc.c:59:
.\../Middlewares/ST/STM32_USB_Device_Library/Class/CDC/Inc/usbd_cdc.h:28:11: fatal error: 'usbd_ioreq.h' file not found
   28 | #include  "usbd_ioreq.h"
      |           ^~~~~~~~~~~~~~
1 error generated.
./../Middlewares/ST/STM32_USB_Device_Library/Core/Src/usbd_core.c:20:10: fatal error: 'usbd_core.h' file not found
   20 | #include "usbd_core.h"
      |          ^~~~~~~~~~~~~
1 error generated.

[2026-03-17 21:08:55]	[info] incremental build: 11 source files changed
These source files will be recompiled
---
'f:\RCIA\2026-RM-MechaCore\Robot\InfantryOmni-No2\2026StringWheelGimbal_C_board\Middlewares\ST\STM32_USB_Device_Library\Class\CDC\Src\usbd_cdc.c': object (.o) file not exist
'f:\RCIA\2026-RM-MechaCore\Robot\InfantryOmni-No2\2026StringWheelGimbal_C_board\Middlewares\ST\STM32_USB_Device_Library\Core\Src\usbd_core.c': object (.o) file not exist
'f:\RCIA\2026-RM-MechaCore\Robot\InfantryOmni-No2\2026StringWheelGimbal_C_board\Middlewares\ST\STM32_USB_Device_Library\Core\Src\usbd_ctlreq.c': object (.o) file not exist
'f:\RCIA\2026-RM-MechaCore\Robot\InfantryOmni-No2\2026StringWheelGimbal_C_board\Middlewares\ST\STM32_USB_Device_Library\Core\Src\usbd_ioreq.c': object (.o) file not exist
'f:\RCIA\2026-RM-MechaCore\Robot\InfantryOmni-No2\2026StringWheelGimbal_C_board\USB_DEVICE\App\usb_device.c': object (.o) file not exist
'f:\RCIA\2026-RM-MechaCore\Robot\InfantryOmni-No2\2026StringWheelGimbal_C_board\USB_DEVICE\App\usbd_cdc_if.c': object (.o) file not exist
'f:\RCIA\2026-RM-MechaCore\Robot\InfantryOmni-No2\2026StringWheelGimbal_C_board\USB_DEVICE\App\usbd_desc.c': source file has been changed.
'f:\RCIA\2026-RM-MechaCore\Robot\InfantryOmni-No2\2026StringWheelGimbal_C_board\USB_DEVICE\Target\usbd_conf.c': source file has been changed.
'f:\RCIA\2026-RM-MechaCore\Robot\InfantryOmni-No2\2026StringWheelGimbal_C_board\User\Task\CommunicationTask.cpp': dependence 'f:\RCIA\2026-RM-MechaCore\Robot\InfantryOmni-No2\2026StringWheelGimbal_C_board\MDK-ARM\..\USB_DEVICE\App\usbd_cdc_if.h' has been changed.
'f:\RCIA\2026-RM-MechaCore\Robot\InfantryOmni-No2\2026StringWheelGimbal_C_board\User\Task\ControlTask.cpp': source file has been changed.
'f:\RCIA\2026-RM-MechaCore\Robot\InfantryOmni-No2\2026StringWheelGimbal_C_board\MDK-ARM\startup_stm32f407xx.s': source file has been changed.

[2026-03-17 21:08:56]	compilation failed at : "f:\RCIA\2026-RM-MechaCore\Robot\InfantryOmni-No2\2026StringWheelGimbal_C_board\Middlewares\ST\STM32_USB_Device_Library\Core\Src\usbd_ctlreq.c", exit code: 1
command: 
  "F:\keil5\ARM\ARMCLANG\bin\armclang.exe" --target=arm-arm-none-eabi -c -xc -std=c99 -I. -I../Core/Inc -I../Drivers/STM32F4xx_HAL_Driver/Inc -I../Drivers/STM32F4xx_HAL_Driver/Inc/Legacy -I../Middlewares/Third_Party/FreeRTOS/Source/include -I../Middlewares/Third_Party/FreeRTOS/Source/CMSIS_RTOS -I../Middlewares/Third_Party/FreeRTOS/Source/portable/RVDS/ARM_CM4F -I../Drivers/CMSIS/Device/ST/STM32F4xx/Include -I../Drivers/CMSIS/Include -I../User -I.cmsis/include -IRTE/_2026StringWheelGimbal_C_board -D"USE_HAL_DRIVER" -D"STM32F407xx" -mfloat-abi=hard -mfpu=fpv4-sp-d16 -mcpu=cortex-m4 -mlittle-endian -D__MICROLIB -O0 -ffunction-sections -funsigned-char -fshort-enums -fshort-wchar -fno-rtti -Wno-packed -Wno-missing-variable-declarations -Wno-missing-prototypes -Wno-missing-noreturn -Wno-sign-conversion -Wno-nonportable-include-path -Wno-reserved-id-macro -Wno-unused-macros -Wno-documentation-unknown-command -Wno-documentation -Wno-license-management -Wno-parentheses-equality -g -o ./build/2026StringWheelGimbal_C_board/.obj/__/Middlewares/ST/STM32_USB_Device_Library/Core/Src/usbd_ctlreq.o -MMD ./../Middlewares/ST/STM32_USB_Device_Library/Core/Src/usbd_ctlreq.c
   at unify_builder.Program.compileByMulThread(Int32 thrNum, CmdInfo[] cmds_, List`1 errLogs)
   at unify_builder.Program.Main(String[] args_)
---
In file included from ./../Middlewares/ST/STM32_USB_Device_Library/Class/CDC/Src/usbd_cdc.c:59:
In file included from .\../Middlewares/ST/STM32_USB_Device_Library/Class/CDC/Inc/usbd_cdc.h:28:
In file included from .\../Middlewares/ST/STM32_USB_Device_Library/Core/Inc/usbd_ioreq.h:29:
.\../Middlewares/ST/STM32_USB_Device_Library/Core/Inc\usbd_core.h:28:10: fatal error: 'usbd_conf.h' file not found
   28 | #include "usbd_conf.h"
      |          ^~~~~~~~~~~~~
1 error generated.
In file included from ./../Middlewares/ST/STM32_USB_Device_Library/Core/Src/usbd_core.c:20:
.\../Middlewares/ST/STM32_USB_Device_Library/Core/Inc/usbd_core.h:28:10: fatal error: 'usbd_conf.h' file not found
   28 | #include "usbd_conf.h"
      |          ^~~~~~~~~~~~~
1 error generated.
./../Middlewares/ST/STM32_USB_Device_Library/Core/Src/usbd_ctlreq.c:21:10: fatal error: 'usbd_ioreq.h' file not found
   21 | #include "usbd_ioreq.h"
      |          ^~~~~~~~~~~~~~
1 error generated.

[2026-03-17 21:09:32]	[info] incremental build: 11 source files changed
These source files will be recompiled
---
'f:\RCIA\2026-RM-MechaCore\Robot\InfantryOmni-No2\2026StringWheelGimbal_C_board\Middlewares\ST\STM32_USB_Device_Library\Class\CDC\Src\usbd_cdc.c': object (.o) file not exist
'f:\RCIA\2026-RM-MechaCore\Robot\InfantryOmni-No2\2026StringWheelGimbal_C_board\Middlewares\ST\STM32_USB_Device_Library\Core\Src\usbd_core.c': object (.o) file not exist
'f:\RCIA\2026-RM-MechaCore\Robot\InfantryOmni-No2\2026StringWheelGimbal_C_board\Middlewares\ST\STM32_USB_Device_Library\Core\Src\usbd_ctlreq.c': object (.o) file not exist
'f:\RCIA\2026-RM-MechaCore\Robot\InfantryOmni-No2\2026StringWheelGimbal_C_board\Middlewares\ST\STM32_USB_Device_Library\Core\Src\usbd_ioreq.c': object (.o) file not exist
'f:\RCIA\2026-RM-MechaCore\Robot\InfantryOmni-No2\2026StringWheelGimbal_C_board\USB_DEVICE\App\usb_device.c': object (.o) file not exist
'f:\RCIA\2026-RM-MechaCore\Robot\InfantryOmni-No2\2026StringWheelGimbal_C_board\USB_DEVICE\App\usbd_cdc_if.c': object (.o) file not exist
'f:\RCIA\2026-RM-MechaCore\Robot\InfantryOmni-No2\2026StringWheelGimbal_C_board\USB_DEVICE\App\usbd_desc.c': source file has been changed.
'f:\RCIA\2026-RM-MechaCore\Robot\InfantryOmni-No2\2026StringWheelGimbal_C_board\USB_DEVICE\Target\usbd_conf.c': source file has been changed.
'f:\RCIA\2026-RM-MechaCore\Robot\InfantryOmni-No2\2026StringWheelGimbal_C_board\User\Task\CommunicationTask.cpp': dependence 'f:\RCIA\2026-RM-MechaCore\Robot\InfantryOmni-No2\2026StringWheelGimbal_C_board\MDK-ARM\..\USB_DEVICE\App\usbd_cdc_if.h' has been changed.
'f:\RCIA\2026-RM-MechaCore\Robot\InfantryOmni-No2\2026StringWheelGimbal_C_board\User\Task\ControlTask.cpp': source file has been changed.
'f:\RCIA\2026-RM-MechaCore\Robot\InfantryOmni-No2\2026StringWheelGimbal_C_board\MDK-ARM\startup_stm32f407xx.s': source file has been changed.

[2026-03-17 21:09:33]	compilation failed at : "f:\RCIA\2026-RM-MechaCore\Robot\InfantryOmni-No2\2026StringWheelGimbal_C_board\Middlewares\ST\STM32_USB_Device_Library\Class\CDC\Src\usbd_cdc.c", exit code: 1
command: 
  "F:\keil5\ARM\ARMCLANG\bin\armclang.exe" --target=arm-arm-none-eabi -c -xc -std=c99 -I. -I../Core/Inc -I../Drivers/STM32F4xx_HAL_Driver/Inc -I../Drivers/STM32F4xx_HAL_Driver/Inc/Legacy -I../Middlewares/Third_Party/FreeRTOS/Source/include -I../Middlewares/Third_Party/FreeRTOS/Source/CMSIS_RTOS -I../Middlewares/Third_Party/FreeRTOS/Source/portable/RVDS/ARM_CM4F -I../Drivers/CMSIS/Device/ST/STM32F4xx/Include -I../Drivers/CMSIS/Include -I../User -I.cmsis/include -IRTE/_2026StringWheelGimbal_C_board -D"USE_HAL_DRIVER" -D"STM32F407xx" -mfloat-abi=hard -mfpu=fpv4-sp-d16 -mcpu=cortex-m4 -mlittle-endian -D__MICROLIB -O0 -ffunction-sections -funsigned-char -fshort-enums -fshort-wchar -fno-rtti -Wno-packed -Wno-missing-variable-declarations -Wno-missing-prototypes -Wno-missing-noreturn -Wno-sign-conversion -Wno-nonportable-include-path -Wno-reserved-id-macro -Wno-unused-macros -Wno-documentation-unknown-command -Wno-documentation -Wno-license-management -Wno-parentheses-equality -g -o ./build/2026StringWheelGimbal_C_board/.obj/__/Middlewares/ST/STM32_USB_Device_Library/Class/CDC/Src/usbd_cdc.o -MMD ./../Middlewares/ST/STM32_USB_Device_Library/Class/CDC/Src/usbd_cdc.c
   at unify_builder.Program.compileByMulThread(Int32 thrNum, CmdInfo[] cmds_, List`1 errLogs)
   at unify_builder.Program.Main(String[] args_)
---
./../Middlewares/ST/STM32_USB_Device_Library/Class/CDC/Src/usbd_cdc.c:60:10: fatal error: 'usbd_ctlreq.h' file not found
   60 | #include "usbd_ctlreq.h"
      |          ^~~~~~~~~~~~~~~
1 error generated.

[2026-03-17 21:09:45]	[info] incremental build: 9 source files changed
These source files will be recompiled
---
'f:\RCIA\2026-RM-MechaCore\Robot\InfantryOmni-No2\2026StringWheelGimbal_C_board\Middlewares\ST\STM32_USB_Device_Library\Class\CDC\Src\usbd_cdc.c': object (.o) file not exist
'f:\RCIA\2026-RM-MechaCore\Robot\InfantryOmni-No2\2026StringWheelGimbal_C_board\Middlewares\ST\STM32_USB_Device_Library\Core\Src\usbd_ioreq.c': object (.o) file not exist
'f:\RCIA\2026-RM-MechaCore\Robot\InfantryOmni-No2\2026StringWheelGimbal_C_board\USB_DEVICE\App\usb_device.c': object (.o) file not exist
'f:\RCIA\2026-RM-MechaCore\Robot\InfantryOmni-No2\2026StringWheelGimbal_C_board\USB_DEVICE\App\usbd_cdc_if.c': object (.o) file not exist
'f:\RCIA\2026-RM-MechaCore\Robot\InfantryOmni-No2\2026StringWheelGimbal_C_board\USB_DEVICE\App\usbd_desc.c': source file has been changed.
'f:\RCIA\2026-RM-MechaCore\Robot\InfantryOmni-No2\2026StringWheelGimbal_C_board\USB_DEVICE\Target\usbd_conf.c': source file has been changed.
'f:\RCIA\2026-RM-MechaCore\Robot\InfantryOmni-No2\2026StringWheelGimbal_C_board\User\Task\CommunicationTask.cpp': dependence 'f:\RCIA\2026-RM-MechaCore\Robot\InfantryOmni-No2\2026StringWheelGimbal_C_board\MDK-ARM\..\USB_DEVICE\App\usbd_cdc_if.h' has been changed.
'f:\RCIA\2026-RM-MechaCore\Robot\InfantryOmni-No2\2026StringWheelGimbal_C_board\User\Task\ControlTask.cpp': source file has been changed.
'f:\RCIA\2026-RM-MechaCore\Robot\InfantryOmni-No2\2026StringWheelGimbal_C_board\MDK-ARM\startup_stm32f407xx.s': source file has been changed.

[2026-03-17 21:09:45]	compilation failed at : "f:\RCIA\2026-RM-MechaCore\Robot\InfantryOmni-No2\2026StringWheelGimbal_C_board\USB_DEVICE\App\usb_device.c", exit code: 1
command: 
  "F:\keil5\ARM\ARMCLANG\bin\armclang.exe" --target=arm-arm-none-eabi -c -xc -std=c99 -I. -I../Core/Inc -I../Drivers/STM32F4xx_HAL_Driver/Inc -I../Drivers/STM32F4xx_HAL_Driver/Inc/Legacy -I../Middlewares/Third_Party/FreeRTOS/Source/include -I../Middlewares/Third_Party/FreeRTOS/Source/CMSIS_RTOS -I../Middlewares/Third_Party/FreeRTOS/Source/portable/RVDS/ARM_CM4F -I../Drivers/CMSIS/Device/ST/STM32F4xx/Include -I../Drivers/CMSIS/Include -I../User -I.cmsis/include -IRTE/_2026StringWheelGimbal_C_board -D"USE_HAL_DRIVER" -D"STM32F407xx" -mfloat-abi=hard -mfpu=fpv4-sp-d16 -mcpu=cortex-m4 -mlittle-endian -D__MICROLIB -O0 -ffunction-sections -funsigned-char -fshort-enums -fshort-wchar -fno-rtti -Wno-packed -Wno-missing-variable-declarations -Wno-missing-prototypes -Wno-missing-noreturn -Wno-sign-conversion -Wno-nonportable-include-path -Wno-reserved-id-macro -Wno-unused-macros -Wno-documentation-unknown-command -Wno-documentation -Wno-license-management -Wno-parentheses-equality -g -o ./build/2026StringWheelGimbal_C_board/.obj/__/USB_DEVICE/App/usb_device.o -MMD ./../USB_DEVICE/App/usb_device.c
   at unify_builder.Program.compileByMulThread(Int32 thrNum, CmdInfo[] cmds_, List`1 errLogs)
   at unify_builder.Program.Main(String[] args_)
---
./../Middlewares/ST/STM32_USB_Device_Library/Core/Src/usbd_ioreq.c:20:10: fatal error: 'usbd_ioreq.h' file not found
   20 | #include "usbd_ioreq.h"
      |          ^~~~~~~~~~~~~~
1 error generated.
./../USB_DEVICE/App/usb_device.c:24:10: fatal error: 'usbd_core.h' file not found
   24 | #include "usbd_core.h"
      |          ^~~~~~~~~~~~~
1 error generated.

[2026-03-17 21:09:59]	[info] incremental build: 8 source files changed
These source files will be recompiled
---
'f:\RCIA\2026-RM-MechaCore\Robot\InfantryOmni-No2\2026StringWheelGimbal_C_board\Middlewares\ST\STM32_USB_Device_Library\Core\Src\usbd_ioreq.c': object (.o) file not exist
'f:\RCIA\2026-RM-MechaCore\Robot\InfantryOmni-No2\2026StringWheelGimbal_C_board\USB_DEVICE\App\usb_device.c': object (.o) file not exist
'f:\RCIA\2026-RM-MechaCore\Robot\InfantryOmni-No2\2026StringWheelGimbal_C_board\USB_DEVICE\App\usbd_cdc_if.c': object (.o) file not exist
'f:\RCIA\2026-RM-MechaCore\Robot\InfantryOmni-No2\2026StringWheelGimbal_C_board\USB_DEVICE\App\usbd_desc.c': source file has been changed.
'f:\RCIA\2026-RM-MechaCore\Robot\InfantryOmni-No2\2026StringWheelGimbal_C_board\USB_DEVICE\Target\usbd_conf.c': source file has been changed.
'f:\RCIA\2026-RM-MechaCore\Robot\InfantryOmni-No2\2026StringWheelGimbal_C_board\User\Task\CommunicationTask.cpp': dependence 'f:\RCIA\2026-RM-MechaCore\Robot\InfantryOmni-No2\2026StringWheelGimbal_C_board\MDK-ARM\..\USB_DEVICE\App\usbd_cdc_if.h' has been changed.
'f:\RCIA\2026-RM-MechaCore\Robot\InfantryOmni-No2\2026StringWheelGimbal_C_board\User\Task\ControlTask.cpp': source file has been changed.
'f:\RCIA\2026-RM-MechaCore\Robot\InfantryOmni-No2\2026StringWheelGimbal_C_board\MDK-ARM\startup_stm32f407xx.s': source file has been changed.

[2026-03-17 21:09:59]	compilation failed at : "f:\RCIA\2026-RM-MechaCore\Robot\InfantryOmni-No2\2026StringWheelGimbal_C_board\USB_DEVICE\App\usb_device.c", exit code: 1
command: 
  "F:\keil5\ARM\ARMCLANG\bin\armclang.exe" --target=arm-arm-none-eabi -c -xc -std=c99 -I. -I../Core/Inc -I../Drivers/STM32F4xx_HAL_Driver/Inc -I../Drivers/STM32F4xx_HAL_Driver/Inc/Legacy -I../Middlewares/Third_Party/FreeRTOS/Source/include -I../Middlewares/Third_Party/FreeRTOS/Source/CMSIS_RTOS -I../Middlewares/Third_Party/FreeRTOS/Source/portable/RVDS/ARM_CM4F -I../Drivers/CMSIS/Device/ST/STM32F4xx/Include -I../Drivers/CMSIS/Include -I../User -I.cmsis/include -IRTE/_2026StringWheelGimbal_C_board -D"USE_HAL_DRIVER" -D"STM32F407xx" -mfloat-abi=hard -mfpu=fpv4-sp-d16 -mcpu=cortex-m4 -mlittle-endian -D__MICROLIB -O0 -ffunction-sections -funsigned-char -fshort-enums -fshort-wchar -fno-rtti -Wno-packed -Wno-missing-variable-declarations -Wno-missing-prototypes -Wno-missing-noreturn -Wno-sign-conversion -Wno-nonportable-include-path -Wno-reserved-id-macro -Wno-unused-macros -Wno-documentation-unknown-command -Wno-documentation -Wno-license-management -Wno-parentheses-equality -g -o ./build/2026StringWheelGimbal_C_board/.obj/__/USB_DEVICE/App/usb_device.o -MMD ./../USB_DEVICE/App/usb_device.c
   at unify_builder.Program.compileByMulThread(Int32 thrNum, CmdInfo[] cmds_, List`1 errLogs)
   at unify_builder.Program.Main(String[] args_)
---
In file included from ./../USB_DEVICE/App/usb_device.c:25:
./../USB_DEVICE/App\usbd_desc.h:29:10: fatal error: 'usbd_def.h' file not found
   29 | #include "usbd_def.h"
      |          ^~~~~~~~~~~~
1 error generated.

[2026-03-17 21:10:12]	[info] incremental build: 6 source files changed
These source files will be recompiled
---
'f:\RCIA\2026-RM-MechaCore\Robot\InfantryOmni-No2\2026StringWheelGimbal_C_board\USB_DEVICE\App\usb_device.c': object (.o) file not exist
'f:\RCIA\2026-RM-MechaCore\Robot\InfantryOmni-No2\2026StringWheelGimbal_C_board\USB_DEVICE\App\usbd_desc.c': source file has been changed.
'f:\RCIA\2026-RM-MechaCore\Robot\InfantryOmni-No2\2026StringWheelGimbal_C_board\USB_DEVICE\Target\usbd_conf.c': source file has been changed.
'f:\RCIA\2026-RM-MechaCore\Robot\InfantryOmni-No2\2026StringWheelGimbal_C_board\User\Task\CommunicationTask.cpp': dependence 'f:\RCIA\2026-RM-MechaCore\Robot\InfantryOmni-No2\2026StringWheelGimbal_C_board\MDK-ARM\..\USB_DEVICE\App\usbd_cdc_if.h' has been changed.
'f:\RCIA\2026-RM-MechaCore\Robot\InfantryOmni-No2\2026StringWheelGimbal_C_board\User\Task\ControlTask.cpp': source file has been changed.
'f:\RCIA\2026-RM-MechaCore\Robot\InfantryOmni-No2\2026StringWheelGimbal_C_board\MDK-ARM\startup_stm32f407xx.s': source file has been changed.

[2026-03-17 21:10:13]	compilation failed at : "f:\RCIA\2026-RM-MechaCore\Robot\InfantryOmni-No2\2026StringWheelGimbal_C_board\USB_DEVICE\App\usb_device.c", exit code: 1
command: 
  "F:\keil5\ARM\ARMCLANG\bin\armclang.exe" --target=arm-arm-none-eabi -c -xc -std=c99 -I. -I../Core/Inc -I../Drivers/STM32F4xx_HAL_Driver/Inc -I../Drivers/STM32F4xx_HAL_Driver/Inc/Legacy -I../Middlewares/Third_Party/FreeRTOS/Source/include -I../Middlewares/Third_Party/FreeRTOS/Source/CMSIS_RTOS -I../Middlewares/Third_Party/FreeRTOS/Source/portable/RVDS/ARM_CM4F -I../Drivers/CMSIS/Device/ST/STM32F4xx/Include -I../Drivers/CMSIS/Include -I../User -I.cmsis/include -IRTE/_2026StringWheelGimbal_C_board -D"USE_HAL_DRIVER" -D"STM32F407xx" -mfloat-abi=hard -mfpu=fpv4-sp-d16 -mcpu=cortex-m4 -mlittle-endian -D__MICROLIB -O0 -ffunction-sections -funsigned-char -fshort-enums -fshort-wchar -fno-rtti -Wno-packed -Wno-missing-variable-declarations -Wno-missing-prototypes -Wno-missing-noreturn -Wno-sign-conversion -Wno-nonportable-include-path -Wno-reserved-id-macro -Wno-unused-macros -Wno-documentation-unknown-command -Wno-documentation -Wno-license-management -Wno-parentheses-equality -g -o ./build/2026StringWheelGimbal_C_board/.obj/__/USB_DEVICE/App/usb_device.o -MMD ./../USB_DEVICE/App/usb_device.c
   at unify_builder.Program.Main(String[] args_)
---
./../USB_DEVICE/App/usb_device.c:26:10: fatal error: 'usbd_cdc.h' file not found
   26 | #include "usbd_cdc.h"
      |          ^~~~~~~~~~~~
1 error generated.

[2026-03-17 21:10:22]	[info] incremental build: 6 source files changed
These source files will be recompiled
---
'f:\RCIA\2026-RM-MechaCore\Robot\InfantryOmni-No2\2026StringWheelGimbal_C_board\USB_DEVICE\App\usb_device.c': object (.o) file not exist
'f:\RCIA\2026-RM-MechaCore\Robot\InfantryOmni-No2\2026StringWheelGimbal_C_board\USB_DEVICE\App\usbd_desc.c': source file has been changed.
'f:\RCIA\2026-RM-MechaCore\Robot\InfantryOmni-No2\2026StringWheelGimbal_C_board\USB_DEVICE\Target\usbd_conf.c': source file has been changed.
'f:\RCIA\2026-RM-MechaCore\Robot\InfantryOmni-No2\2026StringWheelGimbal_C_board\User\Task\CommunicationTask.cpp': dependence 'f:\RCIA\2026-RM-MechaCore\Robot\InfantryOmni-No2\2026StringWheelGimbal_C_board\MDK-ARM\..\USB_DEVICE\App\usbd_cdc_if.h' has been changed.
'f:\RCIA\2026-RM-MechaCore\Robot\InfantryOmni-No2\2026StringWheelGimbal_C_board\User\Task\ControlTask.cpp': source file has been changed.
'f:\RCIA\2026-RM-MechaCore\Robot\InfantryOmni-No2\2026StringWheelGimbal_C_board\MDK-ARM\startup_stm32f407xx.s': source file has been changed.

[2026-03-17 21:10:23]	compilation failed at : "f:\RCIA\2026-RM-MechaCore\Robot\InfantryOmni-No2\2026StringWheelGimbal_C_board\USB_DEVICE\App\usbd_desc.c", exit code: 1
command: 
  "F:\keil5\ARM\ARMCLANG\bin\armclang.exe" --target=arm-arm-none-eabi -c -xc -std=c99 -I. -I../Core/Inc -I../Drivers/STM32F4xx_HAL_Driver/Inc -I../Drivers/STM32F4xx_HAL_Driver/Inc/Legacy -I../Middlewares/Third_Party/FreeRTOS/Source/include -I../Middlewares/Third_Party/FreeRTOS/Source/CMSIS_RTOS -I../Middlewares/Third_Party/FreeRTOS/Source/portable/RVDS/ARM_CM4F -I../Drivers/CMSIS/Device/ST/STM32F4xx/Include -I../Drivers/CMSIS/Include -I../User -I.cmsis/include -IRTE/_2026StringWheelGimbal_C_board -D"USE_HAL_DRIVER" -D"STM32F407xx" -mfloat-abi=hard -mfpu=fpv4-sp-d16 -mcpu=cortex-m4 -mlittle-endian -D__MICROLIB -O0 -ffunction-sections -funsigned-char -fshort-enums -fshort-wchar -fno-rtti -Wno-packed -Wno-missing-variable-declarations -Wno-missing-prototypes -Wno-missing-noreturn -Wno-sign-conversion -Wno-nonportable-include-path -Wno-reserved-id-macro -Wno-unused-macros -Wno-documentation-unknown-command -Wno-documentation -Wno-license-management -Wno-parentheses-equality -g -o ./build/2026StringWheelGimbal_C_board/.obj/__/USB_DEVICE/App/usbd_desc.o -MMD ./../USB_DEVICE/App/usbd_desc.c
   at unify_builder.Program.Main(String[] args_)
---
./../USB_DEVICE/App/usbd_desc.c:22:10: fatal error: 'usbd_core.h' file not found
   22 | #include "usbd_core.h"
      |          ^~~~~~~~~~~~~
1 error generated.

[2026-03-17 21:10:32]	[info] incremental build: 5 source files changed
These source files will be recompiled
---
'f:\RCIA\2026-RM-MechaCore\Robot\InfantryOmni-No2\2026StringWheelGimbal_C_board\USB_DEVICE\App\usbd_desc.c': object (.o) file not exist
'f:\RCIA\2026-RM-MechaCore\Robot\InfantryOmni-No2\2026StringWheelGimbal_C_board\USB_DEVICE\Target\usbd_conf.c': source file has been changed.
'f:\RCIA\2026-RM-MechaCore\Robot\InfantryOmni-No2\2026StringWheelGimbal_C_board\User\Task\CommunicationTask.cpp': dependence 'f:\RCIA\2026-RM-MechaCore\Robot\InfantryOmni-No2\2026StringWheelGimbal_C_board\MDK-ARM\..\USB_DEVICE\App\usbd_cdc_if.h' has been changed.
'f:\RCIA\2026-RM-MechaCore\Robot\InfantryOmni-No2\2026StringWheelGimbal_C_board\User\Task\ControlTask.cpp': source file has been changed.
'f:\RCIA\2026-RM-MechaCore\Robot\InfantryOmni-No2\2026StringWheelGimbal_C_board\MDK-ARM\startup_stm32f407xx.s': source file has been changed.

[2026-03-17 21:10:32]	compilation failed at : "f:\RCIA\2026-RM-MechaCore\Robot\InfantryOmni-No2\2026StringWheelGimbal_C_board\USB_DEVICE\App\usbd_desc.c", exit code: 1
command: 
  "F:\keil5\ARM\ARMCLANG\bin\armclang.exe" --target=arm-arm-none-eabi -c -xc -std=c99 -I. -I../Core/Inc -I../Drivers/STM32F4xx_HAL_Driver/Inc -I../Drivers/STM32F4xx_HAL_Driver/Inc/Legacy -I../Middlewares/Third_Party/FreeRTOS/Source/include -I../Middlewares/Third_Party/FreeRTOS/Source/CMSIS_RTOS -I../Middlewares/Third_Party/FreeRTOS/Source/portable/RVDS/ARM_CM4F -I../Drivers/CMSIS/Device/ST/STM32F4xx/Include -I../Drivers/CMSIS/Include -I../User -I.cmsis/include -IRTE/_2026StringWheelGimbal_C_board -D"USE_HAL_DRIVER" -D"STM32F407xx" -mfloat-abi=hard -mfpu=fpv4-sp-d16 -mcpu=cortex-m4 -mlittle-endian -D__MICROLIB -O0 -ffunction-sections -funsigned-char -fshort-enums -fshort-wchar -fno-rtti -Wno-packed -Wno-missing-variable-declarations -Wno-missing-prototypes -Wno-missing-noreturn -Wno-sign-conversion -Wno-nonportable-include-path -Wno-reserved-id-macro -Wno-unused-macros -Wno-documentation-unknown-command -Wno-documentation -Wno-license-management -Wno-parentheses-equality -g -o ./build/2026StringWheelGimbal_C_board/.obj/__/USB_DEVICE/App/usbd_desc.o -MMD ./../USB_DEVICE/App/usbd_desc.c
   at unify_builder.Program.Main(String[] args_)
---
./../USB_DEVICE/App/usbd_desc.c:24:10: fatal error: 'usbd_conf.h' file not found
   24 | #include "usbd_conf.h"
      |          ^~~~~~~~~~~~~
1 error generated.

[2026-03-17 21:10:53]	[info] incremental build: 5 source files changed
These source files will be recompiled
---
'f:\RCIA\2026-RM-MechaCore\Robot\InfantryOmni-No2\2026StringWheelGimbal_C_board\USB_DEVICE\App\usbd_desc.c': object (.o) file not exist
'f:\RCIA\2026-RM-MechaCore\Robot\InfantryOmni-No2\2026StringWheelGimbal_C_board\USB_DEVICE\Target\usbd_conf.c': source file has been changed.
'f:\RCIA\2026-RM-MechaCore\Robot\InfantryOmni-No2\2026StringWheelGimbal_C_board\User\Task\CommunicationTask.cpp': dependence 'f:\RCIA\2026-RM-MechaCore\Robot\InfantryOmni-No2\2026StringWheelGimbal_C_board\MDK-ARM\..\USB_DEVICE\App\usbd_cdc_if.h' has been changed.
'f:\RCIA\2026-RM-MechaCore\Robot\InfantryOmni-No2\2026StringWheelGimbal_C_board\User\Task\ControlTask.cpp': source file has been changed.
'f:\RCIA\2026-RM-MechaCore\Robot\InfantryOmni-No2\2026StringWheelGimbal_C_board\MDK-ARM\startup_stm32f407xx.s': source file has been changed.

[2026-03-17 21:10:54]	compilation failed at : "f:\RCIA\2026-RM-MechaCore\Robot\InfantryOmni-No2\2026StringWheelGimbal_C_board\USB_DEVICE\Target\usbd_conf.c", exit code: 1
command: 
  "F:\keil5\ARM\ARMCLANG\bin\armclang.exe" --target=arm-arm-none-eabi -c -xc -std=c99 -I. -I../Core/Inc -I../Drivers/STM32F4xx_HAL_Driver/Inc -I../Drivers/STM32F4xx_HAL_Driver/Inc/Legacy -I../Middlewares/Third_Party/FreeRTOS/Source/include -I../Middlewares/Third_Party/FreeRTOS/Source/CMSIS_RTOS -I../Middlewares/Third_Party/FreeRTOS/Source/portable/RVDS/ARM_CM4F -I../Drivers/CMSIS/Device/ST/STM32F4xx/Include -I../Drivers/CMSIS/Include -I../User -I.cmsis/include -IRTE/_2026StringWheelGimbal_C_board -D"USE_HAL_DRIVER" -D"STM32F407xx" -mfloat-abi=hard -mfpu=fpv4-sp-d16 -mcpu=cortex-m4 -mlittle-endian -D__MICROLIB -O0 -ffunction-sections -funsigned-char -fshort-enums -fshort-wchar -fno-rtti -Wno-packed -Wno-missing-variable-declarations -Wno-missing-prototypes -Wno-missing-noreturn -Wno-sign-conversion -Wno-nonportable-include-path -Wno-reserved-id-macro -Wno-unused-macros -Wno-documentation-unknown-command -Wno-documentation -Wno-license-management -Wno-parentheses-equality -g -o ./build/2026StringWheelGimbal_C_board/.obj/__/USB_DEVICE/Target/usbd_conf.o -MMD ./../USB_DEVICE/Target/usbd_conf.c
   at unify_builder.Program.Main(String[] args_)
---
./../USB_DEVICE/Target/usbd_conf.c:24:10: fatal error: 'usbd_def.h' file not found
   24 | #include "usbd_def.h"
      |          ^~~~~~~~~~~~
1 error generated.

[2026-03-17 21:11:00]	[info] incremental build: 4 source files changed
These source files will be recompiled
---
'f:\RCIA\2026-RM-MechaCore\Robot\InfantryOmni-No2\2026StringWheelGimbal_C_board\USB_DEVICE\Target\usbd_conf.c': object (.o) file not exist
'f:\RCIA\2026-RM-MechaCore\Robot\InfantryOmni-No2\2026StringWheelGimbal_C_board\User\Task\CommunicationTask.cpp': dependence 'f:\RCIA\2026-RM-MechaCore\Robot\InfantryOmni-No2\2026StringWheelGimbal_C_board\MDK-ARM\..\USB_DEVICE\App\usbd_cdc_if.h' has been changed.
'f:\RCIA\2026-RM-MechaCore\Robot\InfantryOmni-No2\2026StringWheelGimbal_C_board\User\Task\ControlTask.cpp': source file has been changed.
'f:\RCIA\2026-RM-MechaCore\Robot\InfantryOmni-No2\2026StringWheelGimbal_C_board\MDK-ARM\startup_stm32f407xx.s': source file has been changed.

[2026-03-17 21:11:00]	compilation failed at : "f:\RCIA\2026-RM-MechaCore\Robot\InfantryOmni-No2\2026StringWheelGimbal_C_board\USB_DEVICE\Target\usbd_conf.c", exit code: 1
command: 
  "F:\keil5\ARM\ARMCLANG\bin\armclang.exe" --target=arm-arm-none-eabi -c -xc -std=c99 -I. -I../Core/Inc -I../Drivers/STM32F4xx_HAL_Driver/Inc -I../Drivers/STM32F4xx_HAL_Driver/Inc/Legacy -I../Middlewares/Third_Party/FreeRTOS/Source/include -I../Middlewares/Third_Party/FreeRTOS/Source/CMSIS_RTOS -I../Middlewares/Third_Party/FreeRTOS/Source/portable/RVDS/ARM_CM4F -I../Drivers/CMSIS/Device/ST/STM32F4xx/Include -I../Drivers/CMSIS/Include -I../User -I.cmsis/include -IRTE/_2026StringWheelGimbal_C_board -D"USE_HAL_DRIVER" -D"STM32F407xx" -mfloat-abi=hard -mfpu=fpv4-sp-d16 -mcpu=cortex-m4 -mlittle-endian -D__MICROLIB -O0 -ffunction-sections -funsigned-char -fshort-enums -fshort-wchar -fno-rtti -Wno-packed -Wno-missing-variable-declarations -Wno-missing-prototypes -Wno-missing-noreturn -Wno-sign-conversion -Wno-nonportable-include-path -Wno-reserved-id-macro -Wno-unused-macros -Wno-documentation-unknown-command -Wno-documentation -Wno-license-management -Wno-parentheses-equality -g -o ./build/2026StringWheelGimbal_C_board/.obj/__/USB_DEVICE/Target/usbd_conf.o -MMD ./../USB_DEVICE/Target/usbd_conf.c
   at unify_builder.Program.Main(String[] args_)
---
./../USB_DEVICE/Target/usbd_conf.c:25:10: fatal error: 'usbd_core.h' file not found
   25 | #include "usbd_core.h"
      |          ^~~~~~~~~~~~~
1 error generated.

[2026-03-17 21:11:07]	[info] incremental build: 4 source files changed
These source files will be recompiled
---
'f:\RCIA\2026-RM-MechaCore\Robot\InfantryOmni-No2\2026StringWheelGimbal_C_board\USB_DEVICE\Target\usbd_conf.c': object (.o) file not exist
'f:\RCIA\2026-RM-MechaCore\Robot\InfantryOmni-No2\2026StringWheelGimbal_C_board\User\Task\CommunicationTask.cpp': dependence 'f:\RCIA\2026-RM-MechaCore\Robot\InfantryOmni-No2\2026StringWheelGimbal_C_board\MDK-ARM\..\USB_DEVICE\App\usbd_cdc_if.h' has been changed.
'f:\RCIA\2026-RM-MechaCore\Robot\InfantryOmni-No2\2026StringWheelGimbal_C_board\User\Task\ControlTask.cpp': source file has been changed.
'f:\RCIA\2026-RM-MechaCore\Robot\InfantryOmni-No2\2026StringWheelGimbal_C_board\MDK-ARM\startup_stm32f407xx.s': source file has been changed.

[2026-03-17 21:11:08]	compilation failed at : "f:\RCIA\2026-RM-MechaCore\Robot\InfantryOmni-No2\2026StringWheelGimbal_C_board\USB_DEVICE\Target\usbd_conf.c", exit code: 1
command: 
  "F:\keil5\ARM\ARMCLANG\bin\armclang.exe" --target=arm-arm-none-eabi -c -xc -std=c99 -I. -I../Core/Inc -I../Drivers/STM32F4xx_HAL_Driver/Inc -I../Drivers/STM32F4xx_HAL_Driver/Inc/Legacy -I../Middlewares/Third_Party/FreeRTOS/Source/include -I../Middlewares/Third_Party/FreeRTOS/Source/CMSIS_RTOS -I../Middlewares/Third_Party/FreeRTOS/Source/portable/RVDS/ARM_CM4F -I../Drivers/CMSIS/Device/ST/STM32F4xx/Include -I../Drivers/CMSIS/Include -I../User -I.cmsis/include -IRTE/_2026StringWheelGimbal_C_board -D"USE_HAL_DRIVER" -D"STM32F407xx" -mfloat-abi=hard -mfpu=fpv4-sp-d16 -mcpu=cortex-m4 -mlittle-endian -D__MICROLIB -O0 -ffunction-sections -funsigned-char -fshort-enums -fshort-wchar -fno-rtti -Wno-packed -Wno-missing-variable-declarations -Wno-missing-prototypes -Wno-missing-noreturn -Wno-sign-conversion -Wno-nonportable-include-path -Wno-reserved-id-macro -Wno-unused-macros -Wno-documentation-unknown-command -Wno-documentation -Wno-license-management -Wno-parentheses-equality -g -o ./build/2026StringWheelGimbal_C_board/.obj/__/USB_DEVICE/Target/usbd_conf.o -MMD ./../USB_DEVICE/Target/usbd_conf.c
   at unify_builder.Program.Main(String[] args_)
---
./../USB_DEVICE/Target/usbd_conf.c:27:10: fatal error: 'usbd_cdc.h' file not found
   27 | #include "usbd_cdc.h"
      |          ^~~~~~~~~~~~
1 error generated.

[2026-03-17 21:11:18]	[info] incremental build: 4 source files changed
These source files will be recompiled
---
'f:\RCIA\2026-RM-MechaCore\Robot\InfantryOmni-No2\2026StringWheelGimbal_C_board\USB_DEVICE\Target\usbd_conf.c': object (.o) file not exist
'f:\RCIA\2026-RM-MechaCore\Robot\InfantryOmni-No2\2026StringWheelGimbal_C_board\User\Task\CommunicationTask.cpp': dependence 'f:\RCIA\2026-RM-MechaCore\Robot\InfantryOmni-No2\2026StringWheelGimbal_C_board\MDK-ARM\..\USB_DEVICE\App\usbd_cdc_if.h' has been changed.
'f:\RCIA\2026-RM-MechaCore\Robot\InfantryOmni-No2\2026StringWheelGimbal_C_board\User\Task\ControlTask.cpp': source file has been changed.
'f:\RCIA\2026-RM-MechaCore\Robot\InfantryOmni-No2\2026StringWheelGimbal_C_board\MDK-ARM\startup_stm32f407xx.s': source file has been changed.

[2026-03-17 21:11:23]	[done]
	build successfully !

[2026-03-17 21:11:32]	[done]
	build successfully !

